<?xml version="1.0" encoding="UTF-8"?>
<!-- Generated by org.testng.reporters.JUnitReportReporter -->
<testsuite skipped="0" hostname="LAPTOP-HHN7D2TC" name="com.ebanking.master.RolNG" tests="3" failures="0" timestamp="2021-03-30T11:31:25 IST" time="28.929" errors="0">
  <testcase name="Rol" time="9.458" classname="com.ebanking.master.RolNG"/>
  <testcase name="Rol" time="9.846" classname="com.ebanking.master.RolNG"/>
  <testcase name="Rol" time="9.625" classname="com.ebanking.master.RolNG"/>
</testsuite> <!-- com.ebanking.master.RolNG -->
