<?xml version="1.0" encoding="UTF-8"?>
<!-- Generated by org.testng.reporters.JUnitReportReporter -->
<testsuite skipped="0" hostname="LAPTOP-HHN7D2TC" name="com.ebanking.master.Cpassword" tests="1" failures="0" timestamp="2021-04-01T17:38:57 IST" time="1.444" errors="0">
  <testcase name="Changepwd" time="1.444" classname="com.ebanking.master.Cpassword"/>
</testsuite> <!-- com.ebanking.master.Cpassword -->
