<?xml version="1.0" encoding="UTF-8"?>
<!-- Generated by org.testng.reporters.JUnitReportReporter -->
<testsuite skipped="0" hostname="LAPTOP-HHN7D2TC" name="pom.BookHotpom" tests="1" failures="0" timestamp="2021-03-30T18:28:18 IST" time="126.529" errors="0">
  <testcase name="BookHotel" time="126.529" classname="pom.BookHotpom"/>
</testsuite> <!-- pom.BookHotpom -->
