<?xml version="1.0" encoding="UTF-8"?>
<!-- Generated by org.testng.reporters.JUnitReportReporter -->
<testsuite skipped="0" hostname="LAPTOP-HHN7D2TC" name="com.ebanking.master.Pomexe" tests="1" failures="0" timestamp="2021-04-01T11:33:33 IST" time="37.173" errors="0">
  <testcase name="Rc" time="37.173" classname="com.ebanking.master.Pomexe"/>
</testsuite> <!-- com.ebanking.master.Pomexe -->
