<?xml version="1.0" encoding="UTF-8"?>
<!-- Generated by org.testng.reporters.JUnitReportReporter -->
<testsuite skipped="0" hostname="LAPTOP-HHN7D2TC" name="com.ebanking.master.BranNG" tests="1" failures="0" timestamp="2021-03-30T11:31:25 IST" time="5.622" errors="0">
  <testcase name="Br" time="5.622" classname="com.ebanking.master.BranNG"/>
</testsuite> <!-- com.ebanking.master.BranNG -->
