<?xml version="1.0" encoding="UTF-8"?>
<!-- Generated by org.testng.reporters.JUnitReportReporter -->
<testsuite skipped="0" hostname="LAPTOP-HHN7D2TC" name="com.ebanking.scripts.Sample" tests="1" failures="0" timestamp="2021-03-20T17:04:10 IST" time="0.008" errors="0">
  <testcase name="abc" time="0.008" classname="com.ebanking.scripts.Sample"/>
</testsuite> <!-- com.ebanking.scripts.Sample -->
