<?xml version="1.0" encoding="UTF-8"?>
<!-- Generated by org.testng.reporters.JUnitReportReporter -->
<testsuite skipped="0" hostname="LAPTOP-HHN7D2TC" name="com.ebanking.master.RoleNG" tests="3" failures="0" timestamp="2021-03-23T17:02:11 IST" time="29.070" errors="0">
  <testcase name="Rol" time="9.899" classname="com.ebanking.master.RoleNG"/>
  <testcase name="Rol" time="9.614" classname="com.ebanking.master.RoleNG"/>
  <testcase name="Rol" time="9.557" classname="com.ebanking.master.RoleNG"/>
</testsuite> <!-- com.ebanking.master.RoleNG -->
