<?xml version="1.0" encoding="UTF-8"?>
<!-- Generated by org.testng.reporters.JUnitReportReporter -->
<testsuite skipped="0" hostname="LAPTOP-HHN7D2TC" name="pom.Sample" tests="1" failures="0" timestamp="2021-03-30T17:28:43 IST" time="34.222" errors="0">
  <testcase name="Hotelbooking" time="34.222" classname="pom.Sample"/>
</testsuite> <!-- pom.Sample -->
