<?xml version="1.0" encoding="UTF-8"?>
<!-- Generated by org.testng.reporters.JUnitReportReporter -->
<testsuite skipped="0" hostname="LAPTOP-HHN7D2TC" name="com.ebanking.scripts.SampleNG" tests="2" failures="0" timestamp="2021-03-26T12:06:17 IST" time="36.555" errors="0">
  <testcase name="OpenApp" time="18.599" classname="com.ebanking.scripts.SampleNG"/>
  <testcase name="GApp" time="17.956" classname="com.ebanking.scripts.SampleNG"/>
</testsuite> <!-- com.ebanking.scripts.SampleNG -->
